<?xml version="1.0" encoding="UTF-8"?>
<!-- Generated by org.testng.reporters.JUnitReportReporter -->
<testsuite hostname="Lainpu1502-0041" name="GLADIUS.Tests.VerifyGladiusProcess" tests="2" failures="0" timestamp="29 Dec 2017 10:51:23 GMT" time="86.180" errors="0">
  <testcase name="ClickLinkPage" time="85.983" classname="GLADIUS.Tests.VerifyGladiusProcess"/>
  <testcase name="VerifyHomePage" time="0.197" classname="GLADIUS.Tests.VerifyGladiusProcess"/>
</testsuite> <!-- GLADIUS.Tests.VerifyGladiusProcess -->
