<?xml version="1.0" encoding="UTF-8"?>
<!-- Generated by org.testng.reporters.JUnitReportReporter -->
<testsuite hostname="Lainpu1502-0041" name="GLADIUS.Tests.ClickonProcessLink" tests="1" failures="0" timestamp="23 Nov 2017 09:17:05 GMT" time="0.325" errors="0">
  <testcase name="VerifyHomePage" time="0.325" classname="GLADIUS.Tests.ClickonProcessLink"/>
</testsuite> <!-- GLADIUS.Tests.ClickonProcessLink -->
